-------- Thu 25 May 2023 10:53:42 PM EDT --------
Parcel id: AUSJHECBY7
Parcel name: AUSJHECBY7.parcel
Created encryption.key, parcel.data, Parcels/
[targets] {test1.txt test1}
-----------------------------
Iteration [0] beginning on [test1.txt]
test1.txt encrypted: test1.txt ---> test1.enc.gpg
test1.enc.gpg ---> ./parcel/
test1.txt : .txt : AUSJHECBY7 : AUSJHECBY7.parcel
-----------------------------
-----------------------------
Iteration [1] beginning on [test1]
test1 ---> test1.zip
test1.zip ---> ./parcel/
test1 : test1/ : AUSJHECBY7 : AUSJHECBY7.parcel
-----------------------------
logs ended.
encryption.key, parcel.data ---> ./parcel
parcel.zip ---> parcel.parcel
parcel.parcel ---> AUSJHECBY7.parcel
-------------------- 10:53:42 -------------------

-------- Thu 25 May 2023 11:00:06 PM EDT --------
Parcel id: J51JBZCUBZ
Parcel name: J51JBZCUBZ.parcel
Created encryption.key, parcel.data, Parcels/
[targets] {test1.txt test1}
-----------------------------
Iteration [0] beginning on [test1.txt]
test1.txt encrypted: test1.txt ---> test1.enc.gpg
test1.enc.gpg ---> ./parcel/
test1.txt : .txt : J51JBZCUBZ : J51JBZCUBZ.parcel
-----------------------------
-----------------------------
Iteration [1] beginning on [test1]
test1 ---> test1.zip
test1 : test1/ : J51JBZCUBZ : J51JBZCUBZ.parcel
-----------------------------
logs ended.
encryption.key, parcel.data ---> ./parcel
parcel.zip ---> parcel.parcel
parcel.parcel ---> J51JBZCUBZ.parcel
-------------------- 11:00:06 -------------------

-------- Fri 26 May 2023 01:23:10 AM EDT --------
Parcel id: 6YFJQZFFKU
Parcel name: 6YFJQZFFKU.parcel
Created encryption.key, parcel.data, Parcels/
[targets] {test1.txt test1}
-----------------------------
Iteration [0] beginning on [test1.txt]
test1.txt encrypted: test1.txt ---> test1.enc
test1.enc ---> ./parcel/
test1.txt : .txt : 6YFJQZFFKU : 6YFJQZFFKU.parcel
-----------------------------
-----------------------------
Iteration [1] beginning on [test1]
test1 ---> test1.zip
test1 : test1/ : 6YFJQZFFKU : 6YFJQZFFKU.parcel
-----------------------------
logs ended.
encryption.key, parcel.data ---> ./parcel
parcel.zip ---> parcel.parcel
parcel.parcel ---> 6YFJQZFFKU.parcel
-------------------- 01:23:10 -------------------

-------- Fri 26 May 2023 01:35:11 AM EDT --------
Parcel id: 4DQ91BJVNE
Parcel name: 4DQ91BJVNE.parcel
Created encryption.key, parcel.data, Parcels/
[targets] {test1.txt test1}
-----------------------------
Iteration [0] beginning on [test1.txt]
test1.txt encrypted: test1.txt ---> test1.enc.gpg
test1.enc.gpg ---> ./parcel/
test1.txt : .txt : 4DQ91BJVNE : 4DQ91BJVNE.parcel
-----------------------------
-----------------------------
Iteration [1] beginning on [test1]
test1 ---> test1.zip
test1 : test1/ : 4DQ91BJVNE : 4DQ91BJVNE.parcel
-----------------------------
logs ended.
encryption.key, parcel.data ---> ./parcel
parcel.zip ---> parcel.parcel
parcel.parcel ---> 4DQ91BJVNE.parcel
-------------------- 01:35:11 -------------------

