-------- Thu 25 May 2023 07:35:52 PM EDT --------
test1.txt : .txt : 4FIYZL6MAV : 4FIYZL6MAV.parcel
test1 : test1/ : 4FIYZL6MAV : 4FIYZL6MAV.parcel
-------------------- 07:35:52 -------------------

-------- Thu 25 May 2023 07:36:10 PM EDT --------
test1.txt : .txt : U1I1SW8IM5 : U1I1SW8IM5.parcel
test1 : test1/ : U1I1SW8IM5 : U1I1SW8IM5.parcel
-------------------- 07:36:10 -------------------

-------- Thu 25 May 2023 08:15:27 PM EDT --------
test1.txt : .txt : XLN90IIOUS : XLN90IIOUS.parcel
test1 : test1/ : XLN90IIOUS : XLN90IIOUS.parcel
-------------------- 08:15:27 -------------------

-------- Thu 25 May 2023 08:15:43 PM EDT --------
test1.txt : .txt : UTK3FT1RBW : UTK3FT1RBW.parcel
test1 : test1/ : UTK3FT1RBW : UTK3FT1RBW.parcel
-------------------- 08:15:43 -------------------

-------- Thu 25 May 2023 10:13:50 PM EDT --------
test1.txt : .txt : JC7OQXGSXP : JC7OQXGSXP.parcel
-------------------- 10:13:50 -------------------

-------- Thu 25 May 2023 10:14:55 PM EDT --------
test1.txt : .txt : SZU0VB8QQH : SZU0VB8QQH.parcel
test1 : test1/ : SZU0VB8QQH : SZU0VB8QQH.parcel
-------------------- 10:14:55 -------------------

-------- Thu 25 May 2023 10:20:05 PM EDT --------
test1.txt : .txt : ED7BK14A0Z : ED7BK14A0Z.parcel
test1 : test1/ : ED7BK14A0Z : ED7BK14A0Z.parcel
-------------------- 10:20:05 -------------------

-------- Thu 25 May 2023 10:20:28 PM EDT --------
test1.txt : .txt : OAQWJZZGBR : OAQWJZZGBR.parcel
test1 : test1/ : OAQWJZZGBR : OAQWJZZGBR.parcel
-------------------- 10:20:28 -------------------

-------- Thu 25 May 2023 10:22:12 PM EDT --------
test1.txt : .txt : SJMAVBBKVS : SJMAVBBKVS.parcel
test1 : test1/ : SJMAVBBKVS : SJMAVBBKVS.parcel
-------------------- 10:22:12 -------------------

-------- Thu 25 May 2023 10:22:22 PM EDT --------
test1.txt : .txt : LKFEEUPEPL : LKFEEUPEPL.parcel
test1 : test1/ : LKFEEUPEPL : LKFEEUPEPL.parcel
-------------------- 10:22:22 -------------------

-------- Thu 25 May 2023 10:23:16 PM EDT --------
test1.txt : .txt : EQGJWILV4T : EQGJWILV4T.parcel
test1 : test1/ : EQGJWILV4T : EQGJWILV4T.parcel
-------------------- 10:23:16 -------------------

-------- Thu 25 May 2023 10:27:07 PM EDT --------
test1.txt : .txt : KB9L2ELIS8 : KB9L2ELIS8.parcel
test1 : test1/ : KB9L2ELIS8 : KB9L2ELIS8.parcel
-------------------- 10:27:07 -------------------

-------- Thu 25 May 2023 10:27:19 PM EDT --------
test1.txt : .txt : 83EPYXN0ZU : 83EPYXN0ZU.parcel
test1 : test1/ : 83EPYXN0ZU : 83EPYXN0ZU.parcel
-------------------- 10:27:19 -------------------

-------- Thu 25 May 2023 10:29:42 PM EDT --------
test1.txt : .txt : H7ERZSQD0I : H7ERZSQD0I.parcel
test1 : test1/ : H7ERZSQD0I : H7ERZSQD0I.parcel
-------------------- 10:29:42 -------------------

-------- Thu 25 May 2023 10:29:52 PM EDT --------
test1.txt : .txt : XR8GLPGZHX : XR8GLPGZHX.parcel
test1 : test1/ : XR8GLPGZHX : XR8GLPGZHX.parcel
-------------------- 10:29:52 -------------------

-------- Thu 25 May 2023 10:32:14 PM EDT --------
test1.txt : .txt : HNCWRHZV1Q : HNCWRHZV1Q.parcel
test1 : test1/ : HNCWRHZV1Q : HNCWRHZV1Q.parcel
-------------------- 10:32:14 -------------------

-------- Thu 25 May 2023 10:32:24 PM EDT --------
test1.txt : .txt : IZOKRQMMFK : IZOKRQMMFK.parcel
test1 : test1/ : IZOKRQMMFK : IZOKRQMMFK.parcel
-------------------- 10:32:24 -------------------

-------- Thu 25 May 2023 10:33:51 PM EDT --------
test1.txt : .txt : JDC0L5A7KX : JDC0L5A7KX.parcel
test1 : test1/ : JDC0L5A7KX : JDC0L5A7KX.parcel
-------------------- 10:33:51 -------------------

-------- Thu 25 May 2023 10:34:05 PM EDT --------
test1.txt : .txt : CSMNW44EYZ : CSMNW44EYZ.parcel
test1 : test1/ : CSMNW44EYZ : CSMNW44EYZ.parcel
-------------------- 10:34:05 -------------------

-------- Thu 25 May 2023 10:35:41 PM EDT --------
test1.txt : .txt : JRXJ388UHC : JRXJ388UHC.parcel
test1 : test1/ : JRXJ388UHC : JRXJ388UHC.parcel
-------------------- 10:35:41 -------------------

-------- Thu 25 May 2023 10:35:52 PM EDT --------
test1.txt : .txt : 4KDFO0OQH7 : 4KDFO0OQH7.parcel
test1 : test1/ : 4KDFO0OQH7 : 4KDFO0OQH7.parcel
-------------------- 10:35:52 -------------------

-------- Thu 25 May 2023 10:38:26 PM EDT --------
test1.txt : .txt : SJ3GJNHRPB : SJ3GJNHRPB.parcel
test1 : test1/ : SJ3GJNHRPB : SJ3GJNHRPB.parcel
-------------------- 10:38:26 -------------------

-------- Thu 25 May 2023 10:40:43 PM EDT --------
test1.txt : .txt : YXZ1N0E6HL : YXZ1N0E6HL.parcel
test1 : test1/ : YXZ1N0E6HL : YXZ1N0E6HL.parcel
-------------------- 10:40:43 -------------------

-------- Thu 25 May 2023 10:43:07 PM EDT --------
test1.txt : .txt : 3IV1IVMPCV : 3IV1IVMPCV.parcel
test1 : test1/ : 3IV1IVMPCV : 3IV1IVMPCV.parcel
-------------------- 10:43:07 -------------------

-------- Thu 25 May 2023 10:48:23 PM EDT --------
test1.txt : .txt : V5D3ZW4HSJ : V5D3ZW4HSJ.parcel
test1 : test1/ : V5D3ZW4HSJ : V5D3ZW4HSJ.parcel
-------------------- 10:48:23 -------------------

-------- Thu 25 May 2023 10:51:20 PM EDT --------
test1.txt : .txt : QZLP96H1AT : QZLP96H1AT.parcel
test1 : test1/ : QZLP96H1AT : QZLP96H1AT.parcel
-------------------- 10:51:20 -------------------

-------- Thu 25 May 2023 10:53:42 PM EDT --------
test1.txt : .txt : AUSJHECBY7 : AUSJHECBY7.parcel
test1 : test1/ : AUSJHECBY7 : AUSJHECBY7.parcel
-------------------- 10:53:42 -------------------

-------- Thu 25 May 2023 11:00:06 PM EDT --------
test1.txt : .txt : J51JBZCUBZ : J51JBZCUBZ.parcel
test1 : test1/ : J51JBZCUBZ : J51JBZCUBZ.parcel
-------------------- 11:00:06 -------------------

-------- Fri 26 May 2023 01:23:10 AM EDT --------
test1.txt : .txt : 6YFJQZFFKU : 6YFJQZFFKU.parcel
test1 : test1/ : 6YFJQZFFKU : 6YFJQZFFKU.parcel
-------------------- 01:23:10 -------------------

-------- Fri 26 May 2023 01:35:11 AM EDT --------
test1.txt : .txt : 4DQ91BJVNE : 4DQ91BJVNE.parcel
test1 : test1/ : 4DQ91BJVNE : 4DQ91BJVNE.parcel
-------------------- 01:35:11 -------------------

