-------- Sat 27 May 2023 10:24:45 PM EDT --------
test.txt : .txt : CHDFAHPPAM : CHDFAHPPAM.parcel
-------------------- 10:24:45 -------------------

-------- Sat 27 May 2023 10:29:58 PM EDT --------
test1/test1.txt : .test1 : SOPUDFUQ1V : SOPUDFUQ1V.parcel
test1/test2/test2.txt : .test1 : SOPUDFUQ1V : SOPUDFUQ1V.parcel
test1/test2/test3/test3.txt : .test1 : SOPUDFUQ1V : SOPUDFUQ1V.parcel
test1/test2/test3/test4.txt : .test1 : SOPUDFUQ1V : SOPUDFUQ1V.parcel
test1/test2/test3 : test1/ : SOPUDFUQ1V : SOPUDFUQ1V.parcel
test1/test2 : test1/ : SOPUDFUQ1V : SOPUDFUQ1V.parcel
test1/test1.enc : .test1 : SOPUDFUQ1V : SOPUDFUQ1V.parcel
test1/test2/test2.enc : .test1 : SOPUDFUQ1V : SOPUDFUQ1V.parcel
test1/test2/test3/test3.enc : .test1 : SOPUDFUQ1V : SOPUDFUQ1V.parcel
test1/test2/test3/test4.enc : .test1 : SOPUDFUQ1V : SOPUDFUQ1V.parcel
test1/test2/test3 : test1/ : SOPUDFUQ1V : SOPUDFUQ1V.parcel
test1/test2 : test1/ : SOPUDFUQ1V : SOPUDFUQ1V.parcel
test1 : test1/ : SOPUDFUQ1V : SOPUDFUQ1V.parcel
-------------------- 10:29:58 -------------------

-------- Sat 27 May 2023 10:33:40 PM EDT --------
test.txt : .txt : EINK9IPF0V : EINK9IPF0V.parcel
-------------------- 10:33:40 -------------------

-------- Sat 27 May 2023 10:35:31 PM EDT --------
test1/test1.txt : .test1 : 92TOKKAZN5 : 92TOKKAZN5.parcel
test1/test2/test2.txt : .test1 : 92TOKKAZN5 : 92TOKKAZN5.parcel
test1/test2/test3/test3.txt : .test1 : 92TOKKAZN5 : 92TOKKAZN5.parcel
test1/test2/test3/test4.txt : .test1 : 92TOKKAZN5 : 92TOKKAZN5.parcel
test1/test2/test3 : test1/ : 92TOKKAZN5 : 92TOKKAZN5.parcel
test1/test2 : test1/ : 92TOKKAZN5 : 92TOKKAZN5.parcel
test1/test1.enc : .test1 : 92TOKKAZN5 : 92TOKKAZN5.parcel
test1/test2/test2.enc : .test1 : 92TOKKAZN5 : 92TOKKAZN5.parcel
test1/test2/test3/test3.enc : .test1 : 92TOKKAZN5 : 92TOKKAZN5.parcel
test1/test2/test3/test4.enc : .test1 : 92TOKKAZN5 : 92TOKKAZN5.parcel
test1/test2/test3 : test1/ : 92TOKKAZN5 : 92TOKKAZN5.parcel
test1/test2 : test1/ : 92TOKKAZN5 : 92TOKKAZN5.parcel
test1 : test1/ : 92TOKKAZN5 : 92TOKKAZN5.parcel
-------------------- 10:35:31 -------------------

-------- Sat 27 May 2023 10:55:36 PM EDT --------
test.txt : .txt : J4Q84JJVCC : J4Q84JJVCC.parcel
-------------------- 10:55:36 -------------------

-------- Sat 27 May 2023 11:00:19 PM EDT --------
test.txt : .txt : 2CWZOL9FHS : 2CWZOL9FHS.parcel
test1/test1.txt : .test1 : 2CWZOL9FHS : 2CWZOL9FHS.parcel
test1/test2/test2.txt : .test1 : 2CWZOL9FHS : 2CWZOL9FHS.parcel
test1/test2/test3/test3.txt : .test1 : 2CWZOL9FHS : 2CWZOL9FHS.parcel
test1/test2/test3/test4.txt : .test1 : 2CWZOL9FHS : 2CWZOL9FHS.parcel
test1/test2/test3 : test1/ : 2CWZOL9FHS : 2CWZOL9FHS.parcel
test1/test2 : test1/ : 2CWZOL9FHS : 2CWZOL9FHS.parcel
test1/test1.enc : .test1 : 2CWZOL9FHS : 2CWZOL9FHS.parcel
test1/test2/test2.enc : .test1 : 2CWZOL9FHS : 2CWZOL9FHS.parcel
test1/test2/test3/test3.enc : .test1 : 2CWZOL9FHS : 2CWZOL9FHS.parcel
test1/test2/test3/test4.enc : .test1 : 2CWZOL9FHS : 2CWZOL9FHS.parcel
test1/test2/test3 : test1/ : 2CWZOL9FHS : 2CWZOL9FHS.parcel
test1/test2 : test1/ : 2CWZOL9FHS : 2CWZOL9FHS.parcel
test1 : test1/ : 2CWZOL9FHS : 2CWZOL9FHS.parcel
-------------------- 11:00:19 -------------------

-------- Sat 27 May 2023 11:07:33 PM EDT --------
test2/test1.txt : .test2 : X3WOV04CA1 : X3WOV04CA1.parcel
test2/test2/test2.txt : .test2 : X3WOV04CA1 : X3WOV04CA1.parcel
test2/test2/test3/test3.txt : .test2 : X3WOV04CA1 : X3WOV04CA1.parcel
test2/test2/test3/test4.txt : .test2 : X3WOV04CA1 : X3WOV04CA1.parcel
test2/test2/test3 : test2/ : X3WOV04CA1 : X3WOV04CA1.parcel
test2/test2 : test2/ : X3WOV04CA1 : X3WOV04CA1.parcel
test2/test1.enc : .test2 : X3WOV04CA1 : X3WOV04CA1.parcel
test2/test2/test2.enc : .test2 : X3WOV04CA1 : X3WOV04CA1.parcel
test2/test2/test3/test3.enc : .test2 : X3WOV04CA1 : X3WOV04CA1.parcel
test2/test2/test3/test4.enc : .test2 : X3WOV04CA1 : X3WOV04CA1.parcel
test2/test2/test3 : test2/ : X3WOV04CA1 : X3WOV04CA1.parcel
test2/test2 : test2/ : X3WOV04CA1 : X3WOV04CA1.parcel
test2 : test2/ : X3WOV04CA1 : X3WOV04CA1.parcel
-------------------- 11:07:33 -------------------

-------- Sat 27 May 2023 11:14:22 PM EDT --------
test1/test1.txt : .test1 : SEPLRHSMQM : SEPLRHSMQM.parcel
test1/test2/test2.txt : .test1 : SEPLRHSMQM : SEPLRHSMQM.parcel
test1/test2/test3/test3.txt : .test1 : SEPLRHSMQM : SEPLRHSMQM.parcel
test1/test2/test3/test4.txt : .test1 : SEPLRHSMQM : SEPLRHSMQM.parcel
test1/test2/test3 : test1/ : SEPLRHSMQM : SEPLRHSMQM.parcel
test1/test2 : test1/ : SEPLRHSMQM : SEPLRHSMQM.parcel
test1/test1.enc : .test1 : SEPLRHSMQM : SEPLRHSMQM.parcel
test1/test2/test2.enc : .test1 : SEPLRHSMQM : SEPLRHSMQM.parcel
test1/test2/test3/test3.enc : .test1 : SEPLRHSMQM : SEPLRHSMQM.parcel
test1/test2/test3/test4.enc : .test1 : SEPLRHSMQM : SEPLRHSMQM.parcel
test1/test2/test3 : test1/ : SEPLRHSMQM : SEPLRHSMQM.parcel
test1/test2 : test1/ : SEPLRHSMQM : SEPLRHSMQM.parcel
test1 : test1/ : SEPLRHSMQM : SEPLRHSMQM.parcel
-------------------- 11:14:22 -------------------

-------- Sat 27 May 2023 11:19:00 PM EDT --------
test1/test1.txt : .test1 : CZ4NNTKIWM : CZ4NNTKIWM.parcel
test1/test2/test2.txt : .test1 : CZ4NNTKIWM : CZ4NNTKIWM.parcel
test1/test2/test3/test3.txt : .test1 : CZ4NNTKIWM : CZ4NNTKIWM.parcel
test1/test2/test3/test4.txt : .test1 : CZ4NNTKIWM : CZ4NNTKIWM.parcel
test1/test2/test3 : test1/ : CZ4NNTKIWM : CZ4NNTKIWM.parcel
test1/test2 : test1/ : CZ4NNTKIWM : CZ4NNTKIWM.parcel
test1/test1.enc : .test1 : CZ4NNTKIWM : CZ4NNTKIWM.parcel
test1/test2/test2.enc : .test1 : CZ4NNTKIWM : CZ4NNTKIWM.parcel
test1/test2/test3/test3.enc : .test1 : CZ4NNTKIWM : CZ4NNTKIWM.parcel
test1/test2/test3/test4.enc : .test1 : CZ4NNTKIWM : CZ4NNTKIWM.parcel
test1/test2/test3 : test1/ : CZ4NNTKIWM : CZ4NNTKIWM.parcel
test1/test2 : test1/ : CZ4NNTKIWM : CZ4NNTKIWM.parcel
test1 : test1/ : CZ4NNTKIWM : CZ4NNTKIWM.parcel
-------------------- 11:19:00 -------------------

-------- Sat 27 May 2023 11:21:20 PM EDT --------
test1/test1.txt : .test1 : QYT0X5WOQX : QYT0X5WOQX.parcel
test1/test2/test2.txt : .test1 : QYT0X5WOQX : QYT0X5WOQX.parcel
test1/test2/test3/test3.txt : .test1 : QYT0X5WOQX : QYT0X5WOQX.parcel
test1/test2/test3/test4.txt : .test1 : QYT0X5WOQX : QYT0X5WOQX.parcel
test1/test2/test3 : test1/ : QYT0X5WOQX : QYT0X5WOQX.parcel
test1/test2 : test1/ : QYT0X5WOQX : QYT0X5WOQX.parcel
test1/test1.enc : .test1 : QYT0X5WOQX : QYT0X5WOQX.parcel
test1/test2/test2.enc : .test1 : QYT0X5WOQX : QYT0X5WOQX.parcel
test1/test2/test3/test3.enc : .test1 : QYT0X5WOQX : QYT0X5WOQX.parcel
test1/test2/test3/test4.enc : .test1 : QYT0X5WOQX : QYT0X5WOQX.parcel
test1/test2/test3 : test1/ : QYT0X5WOQX : QYT0X5WOQX.parcel
test1/test2 : test1/ : QYT0X5WOQX : QYT0X5WOQX.parcel
test1 : test1/ : QYT0X5WOQX : QYT0X5WOQX.parcel
-------------------- 11:21:20 -------------------

-------- Sat 27 May 2023 11:24:36 PM EDT --------
test2/test1.txt : .test2 : CNLCWZLDII : CNLCWZLDII.parcel
test2/test2/test2.txt : .test2 : CNLCWZLDII : CNLCWZLDII.parcel
test2/test2/test3/test3.txt : .test2 : CNLCWZLDII : CNLCWZLDII.parcel
test2/test2/test3/test4.txt : .test2 : CNLCWZLDII : CNLCWZLDII.parcel
test2/test2/test3 : test2/ : CNLCWZLDII : CNLCWZLDII.parcel
test2/test2 : test2/ : CNLCWZLDII : CNLCWZLDII.parcel
test2/test1.enc : .test2 : CNLCWZLDII : CNLCWZLDII.parcel
test2/test2/test2.enc : .test2 : CNLCWZLDII : CNLCWZLDII.parcel
test2/test2/test3/test3.enc : .test2 : CNLCWZLDII : CNLCWZLDII.parcel
test2/test2/test3/test4.enc : .test2 : CNLCWZLDII : CNLCWZLDII.parcel
test2/test2/test3 : test2/ : CNLCWZLDII : CNLCWZLDII.parcel
test2/test2 : test2/ : CNLCWZLDII : CNLCWZLDII.parcel
test2 : test2/ : CNLCWZLDII : CNLCWZLDII.parcel
-------------------- 11:24:36 -------------------

-------- Sat 27 May 2023 11:27:14 PM EDT --------
test3.txt : .txt : QPCLHX6S47 : QPCLHX6S47.parcel
test3/test1.txt : .test3 : QPCLHX6S47 : QPCLHX6S47.parcel
test3/test2/test2.txt : .test3 : QPCLHX6S47 : QPCLHX6S47.parcel
test3/test2/test3/test3.txt : .test3 : QPCLHX6S47 : QPCLHX6S47.parcel
test3/test2/test3/test4.txt : .test3 : QPCLHX6S47 : QPCLHX6S47.parcel
test3/test2/test3 : test3/ : QPCLHX6S47 : QPCLHX6S47.parcel
test3/test2 : test3/ : QPCLHX6S47 : QPCLHX6S47.parcel
test3/test1.enc : .test3 : QPCLHX6S47 : QPCLHX6S47.parcel
test3/test2/test2.enc : .test3 : QPCLHX6S47 : QPCLHX6S47.parcel
test3/test2/test3/test3.enc : .test3 : QPCLHX6S47 : QPCLHX6S47.parcel
test3/test2/test3/test4.enc : .test3 : QPCLHX6S47 : QPCLHX6S47.parcel
test3/test2/test3 : test3/ : QPCLHX6S47 : QPCLHX6S47.parcel
test3/test2 : test3/ : QPCLHX6S47 : QPCLHX6S47.parcel
test3 : test3/ : QPCLHX6S47 : QPCLHX6S47.parcel
-------------------- 11:27:14 -------------------

-------- Sat 27 May 2023 11:50:38 PM EDT --------
test1.txt : .txt : GRCX3LBZG0 : GRCX3LBZG0.parcel
test1/test1.txt : .test1 : GRCX3LBZG0 : GRCX3LBZG0.parcel
test1/test2/test2.txt : .test1 : GRCX3LBZG0 : GRCX3LBZG0.parcel
test1/test2/test3/test3.txt : .test1 : GRCX3LBZG0 : GRCX3LBZG0.parcel
test1/test2/test3/test4.txt : .test1 : GRCX3LBZG0 : GRCX3LBZG0.parcel
test1/test2/test3 : test1/ : GRCX3LBZG0 : GRCX3LBZG0.parcel
test1/test2 : test1/ : GRCX3LBZG0 : GRCX3LBZG0.parcel
test1/test1.enc : .test1 : GRCX3LBZG0 : GRCX3LBZG0.parcel
test1/test2/test2.enc : .test1 : GRCX3LBZG0 : GRCX3LBZG0.parcel
test1/test2/test3/test3.enc : .test1 : GRCX3LBZG0 : GRCX3LBZG0.parcel
test1/test2/test3/test4.enc : .test1 : GRCX3LBZG0 : GRCX3LBZG0.parcel
test1/test2/test3 : test1/ : GRCX3LBZG0 : GRCX3LBZG0.parcel
test1/test2 : test1/ : GRCX3LBZG0 : GRCX3LBZG0.parcel
test1 : test1/ : GRCX3LBZG0 : GRCX3LBZG0.parcel
-------------------- 11:50:38 -------------------

-------- Sat 27 May 2023 11:57:04 PM EDT --------
test7.txt : .txt : FEGTR5UHAL : FEGTR5UHAL.parcel
test1/test1.txt : .test1 : FEGTR5UHAL : FEGTR5UHAL.parcel
test1/test2/test2.txt : .test1 : FEGTR5UHAL : FEGTR5UHAL.parcel
test1/test2/test3/test3.txt : .test1 : FEGTR5UHAL : FEGTR5UHAL.parcel
test1/test2/test3/test4.txt : .test1 : FEGTR5UHAL : FEGTR5UHAL.parcel
test1/test2/test3 : test1/ : FEGTR5UHAL : FEGTR5UHAL.parcel
test1/test2 : test1/ : FEGTR5UHAL : FEGTR5UHAL.parcel
test1/test1.enc : .test1 : FEGTR5UHAL : FEGTR5UHAL.parcel
test1/test2/test2.enc : .test1 : FEGTR5UHAL : FEGTR5UHAL.parcel
test1/test2/test3/test3.enc : .test1 : FEGTR5UHAL : FEGTR5UHAL.parcel
test1/test2/test3/test4.enc : .test1 : FEGTR5UHAL : FEGTR5UHAL.parcel
test1/test2/test3 : test1/ : FEGTR5UHAL : FEGTR5UHAL.parcel
test1/test2 : test1/ : FEGTR5UHAL : FEGTR5UHAL.parcel
test1 : test1/ : FEGTR5UHAL : FEGTR5UHAL.parcel
-------------------- 11:57:04 -------------------

-------- Sat 27 May 2023 11:59:36 PM EDT --------
test1.txt : .txt : UPCWZYTGVM : UPCWZYTGVM.parcel
test1/test1.txt : .test1 : UPCWZYTGVM : UPCWZYTGVM.parcel
test1/test2/test2.txt : .test1 : UPCWZYTGVM : UPCWZYTGVM.parcel
test1/test2/test3/test3.txt : .test1 : UPCWZYTGVM : UPCWZYTGVM.parcel
test1/test2/test3/test4.txt : .test1 : UPCWZYTGVM : UPCWZYTGVM.parcel
test1/test2/test3 : test1/ : UPCWZYTGVM : UPCWZYTGVM.parcel
test1/test2 : test1/ : UPCWZYTGVM : UPCWZYTGVM.parcel
test1/test1.enc : .test1 : UPCWZYTGVM : UPCWZYTGVM.parcel
test1/test2/test2.enc : .test1 : UPCWZYTGVM : UPCWZYTGVM.parcel
test1/test2/test3/test3.enc : .test1 : UPCWZYTGVM : UPCWZYTGVM.parcel
test1/test2/test3/test4.enc : .test1 : UPCWZYTGVM : UPCWZYTGVM.parcel
test1/test2/test3 : test1/ : UPCWZYTGVM : UPCWZYTGVM.parcel
test1/test2 : test1/ : UPCWZYTGVM : UPCWZYTGVM.parcel
test1 : test1/ : UPCWZYTGVM : UPCWZYTGVM.parcel
-------------------- 11:59:36 -------------------

-------- Sun 28 May 2023 12:04:13 AM EDT --------
test1.txt : .txt : CHSMIDTUZR : CHSMIDTUZR.parcel
test1/test1.txt : .test1 : CHSMIDTUZR : CHSMIDTUZR.parcel
test1/test2/test2.txt : .test1 : CHSMIDTUZR : CHSMIDTUZR.parcel
test1/test2/test3/test3.txt : .test1 : CHSMIDTUZR : CHSMIDTUZR.parcel
test1/test2/test3/test4.txt : .test1 : CHSMIDTUZR : CHSMIDTUZR.parcel
test1/test2/test3 : test1/ : CHSMIDTUZR : CHSMIDTUZR.parcel
test1/test2 : test1/ : CHSMIDTUZR : CHSMIDTUZR.parcel
test1/test1.enc : .test1 : CHSMIDTUZR : CHSMIDTUZR.parcel
test1/test2/test2.enc : .test1 : CHSMIDTUZR : CHSMIDTUZR.parcel
test1/test2/test3/test3.enc : .test1 : CHSMIDTUZR : CHSMIDTUZR.parcel
test1/test2/test3/test4.enc : .test1 : CHSMIDTUZR : CHSMIDTUZR.parcel
test1/test2/test3 : test1/ : CHSMIDTUZR : CHSMIDTUZR.parcel
test1/test2 : test1/ : CHSMIDTUZR : CHSMIDTUZR.parcel
test1 : test1/ : CHSMIDTUZR : CHSMIDTUZR.parcel
-------------------- 12:04:13 -------------------

-------- Sun 28 May 2023 12:06:14 AM EDT --------
test1.txt : .txt : LDRNONLSIR : LDRNONLSIR.parcel
test1/test1.txt : .test1 : LDRNONLSIR : LDRNONLSIR.parcel
test1/test2/test2.txt : .test1 : LDRNONLSIR : LDRNONLSIR.parcel
test1/test2/test3/test3.txt : .test1 : LDRNONLSIR : LDRNONLSIR.parcel
test1/test2/test3/test4.txt : .test1 : LDRNONLSIR : LDRNONLSIR.parcel
test1/test2/test3 : test1/ : LDRNONLSIR : LDRNONLSIR.parcel
test1/test2 : test1/ : LDRNONLSIR : LDRNONLSIR.parcel
test1/test1.enc : .test1 : LDRNONLSIR : LDRNONLSIR.parcel
test1/test2/test2.enc : .test1 : LDRNONLSIR : LDRNONLSIR.parcel
test1/test2/test3/test3.enc : .test1 : LDRNONLSIR : LDRNONLSIR.parcel
test1/test2/test3/test4.enc : .test1 : LDRNONLSIR : LDRNONLSIR.parcel
test1/test2/test3 : test1/ : LDRNONLSIR : LDRNONLSIR.parcel
test1/test2 : test1/ : LDRNONLSIR : LDRNONLSIR.parcel
test1 : test1/ : LDRNONLSIR : LDRNONLSIR.parcel
-------------------- 12:06:14 -------------------

-------- Sun 28 May 2023 12:09:18 AM EDT --------
test1.txt : .txt : 4EDBUFEEDB : 4EDBUFEEDB.parcel
test1/test1.txt : .test1 : 4EDBUFEEDB : 4EDBUFEEDB.parcel
test1/test2/test2.txt : .test1 : 4EDBUFEEDB : 4EDBUFEEDB.parcel
test1/test2/test3/test3.txt : .test1 : 4EDBUFEEDB : 4EDBUFEEDB.parcel
test1/test2/test3/test4.txt : .test1 : 4EDBUFEEDB : 4EDBUFEEDB.parcel
test1/test2/test3 : test1/ : 4EDBUFEEDB : 4EDBUFEEDB.parcel
test1/test2 : test1/ : 4EDBUFEEDB : 4EDBUFEEDB.parcel
test1/test1.enc : .test1 : 4EDBUFEEDB : 4EDBUFEEDB.parcel
test1/test2/test2.enc : .test1 : 4EDBUFEEDB : 4EDBUFEEDB.parcel
test1/test2/test3/test3.enc : .test1 : 4EDBUFEEDB : 4EDBUFEEDB.parcel
test1/test2/test3/test4.enc : .test1 : 4EDBUFEEDB : 4EDBUFEEDB.parcel
test1/test2/test3 : test1/ : 4EDBUFEEDB : 4EDBUFEEDB.parcel
test1/test2 : test1/ : 4EDBUFEEDB : 4EDBUFEEDB.parcel
test1 : test1/ : 4EDBUFEEDB : 4EDBUFEEDB.parcel
-------------------- 12:09:18 -------------------

-------- Sun 28 May 2023 12:16:14 AM EDT --------
test1.txt : .txt : 4FZI91321L : 4FZI91321L.parcel
test1/test1.txt : .test1 : 4FZI91321L : 4FZI91321L.parcel
test1/test2/test2.txt : .test1 : 4FZI91321L : 4FZI91321L.parcel
test1/test2/test3/test3.txt : .test1 : 4FZI91321L : 4FZI91321L.parcel
test1/test2/test3/test4.txt : .test1 : 4FZI91321L : 4FZI91321L.parcel
test1/test2/test3 : test1/ : 4FZI91321L : 4FZI91321L.parcel
test1/test2 : test1/ : 4FZI91321L : 4FZI91321L.parcel
test1/test1.enc : .test1 : 4FZI91321L : 4FZI91321L.parcel
test1/test2/test2.enc : .test1 : 4FZI91321L : 4FZI91321L.parcel
test1/test2/test3/test3.enc : .test1 : 4FZI91321L : 4FZI91321L.parcel
test1/test2/test3/test4.enc : .test1 : 4FZI91321L : 4FZI91321L.parcel
test1/test2/test3 : test1/ : 4FZI91321L : 4FZI91321L.parcel
test1/test2 : test1/ : 4FZI91321L : 4FZI91321L.parcel
test1 : test1/ : 4FZI91321L : 4FZI91321L.parcel
-------------------- 12:16:14 -------------------

-------- Sun 28 May 2023 12:23:43 AM EDT --------
test1.txt : .txt : J2JQPPMUT3 : J2JQPPMUT3.parcel
test1/test1.txt : .test1 : J2JQPPMUT3 : J2JQPPMUT3.parcel
test1/test2/test2.txt : .test1 : J2JQPPMUT3 : J2JQPPMUT3.parcel
test1/test2/test3/test3.txt : .test1 : J2JQPPMUT3 : J2JQPPMUT3.parcel
test1/test2/test3/test4.txt : .test1 : J2JQPPMUT3 : J2JQPPMUT3.parcel
test1/test2/test3 : test1/ : J2JQPPMUT3 : J2JQPPMUT3.parcel
test1/test2 : test1/ : J2JQPPMUT3 : J2JQPPMUT3.parcel
test1/test1.enc : .test1 : J2JQPPMUT3 : J2JQPPMUT3.parcel
test1/test2/test2.enc : .test1 : J2JQPPMUT3 : J2JQPPMUT3.parcel
test1/test2/test3/test3.enc : .test1 : J2JQPPMUT3 : J2JQPPMUT3.parcel
test1/test2/test3/test4.enc : .test1 : J2JQPPMUT3 : J2JQPPMUT3.parcel
test1/test2/test3 : test1/ : J2JQPPMUT3 : J2JQPPMUT3.parcel
test1/test2 : test1/ : J2JQPPMUT3 : J2JQPPMUT3.parcel
test1 : test1/ : J2JQPPMUT3 : J2JQPPMUT3.parcel
-------------------- 12:23:43 -------------------

